A D/Alternatives////
A D/App_hor////
A D/Bin_BH////
A D/Bin_BH_mass_diff////
A D/Bin_hor////
A D/Bin_ns_bh////
A D/Bin_star////
A D/Bin_star_ncp////
A D/Bin_star_xcts////
A D/Binary_star////
A D/BosonStar////
A D/Einstein////
A D/Ernst////
A D/Ernstbbh////
A D/Evol_BH////
A D/GraVaStar////
A D/HiggsMonopole////
A D/Isol_hor////
A D/Kerr////
A D/Kerr2////
A D/Mag_eos_star////
A D/Magnetstar////
A D/Magstar////
A D/Nrotstar////
A D/Rot_star////
A D/Sfluide////
A D/Spectral////
A D/Test////
A D/Tutorial////
